#-----------------------------------------------------------
# Vivado v2020.1 (64-bit)
# SW Build 2902540 on Wed May 27 19:54:49 MDT 2020
# IP Build 2902112 on Wed May 27 22:43:36 MDT 2020
# Start of session at: Fri Oct 16 08:59:21 2020
# Process ID: 7284
# Current directory: C:/Users/Camil/OneDrive/Escritorio/ALU
# Command line: vivado.exe -gui_launcher_event rodinguilauncherevent14456 C:\Users\Camil\OneDrive\Escritorio\ALU\ALU.xpr
# Log file: C:/Users/Camil/OneDrive/Escritorio/ALU/vivado.log
# Journal file: C:/Users/Camil/OneDrive/Escritorio/ALU\vivado.jou
#-----------------------------------------------------------
start_gui
open_project C:/Users/Camil/OneDrive/Escritorio/ALU/ALU.xpr
INFO: [Project 1-313] Project file moved from 'C:/Users/Camil/OneDrive/Documentos/Laboratorios/Labs digitales/ALU' since last save.
Scanning sources...
Finished scanning sources
INFO: [IP_Flow 19-234] Refreshing IP repositories
INFO: [IP_Flow 19-1704] No user IP repositories specified
INFO: [IP_Flow 19-2313] Loaded Vivado IP repository 'D:/Vivado/2020.1/data/ip'.
open_project: Time (s): cpu = 00:00:14 ; elapsed = 00:00:17 . Memory (MB): peak = 1010.789 ; gain = 0.000
update_compile_order -fileset sources_1
exit
INFO: [Common 17-206] Exiting Vivado at Fri Oct 16 09:01:48 2020...
